Bloom.obj : error LNK2019: unresolved external symbol __imp__glBindTexture@8 referenced in function "public: void __thiscall Bloom::combineProcess(struct Shaders::Shader *)" (?combineProcess@Bloom@@QAEXPAUShader@Shaders@@@Z)
Texture.obj : error LNK2001: unresolved external symbol __imp__glBindTexture@8
Bloom.obj : error LNK2019: unresolved external symbol __imp__glClear@4 referenced in function "public: void __thiscall Bloom::bindHDRBuffer(void)" (?bindHDRBuffer@Bloom@@QAEXXZ)
Engine.obj : error LNK2001: unresolved external symbol __imp__glClear@4
Bloom.obj : error LNK2019: unresolved external symbol __imp__glClearColor@16 referenced in function "public: void __thiscall Bloom::bindHDRBuffer(void)" (?bindHDRBuffer@Bloom@@QAEXXZ)
Engine.obj : error LNK2001: unresolved external symbol __imp__glClearColor@16
Bloom.obj : error LNK2019: unresolved external symbol __imp__glDrawArrays@12 referenced in function "public: void __thiscall Bloom::renderQuad(void)" (?renderQuad@Bloom@@QAEXXZ)
Mesh.obj : error LNK2001: unresolved external symbol __imp__glDrawArrays@12
Bloom.obj : error LNK2019: unresolved external symbol __imp__glGenTextures@8 referenced in function "public: void __thiscall Bloom::createBlurBuffer(void)" (?createBlurBuffer@Bloom@@QAEXXZ)
Texture.obj : error LNK2001: unresolved external symbol __imp__glGenTextures@8
Bloom.obj : error LNK2019: unresolved external symbol __imp__glTexImage2D@36 referenced in function "public: void __thiscall Bloom::createBlurBuffer(void)" (?createBlurBuffer@Bloom@@QAEXXZ)
Texture.obj : error LNK2001: unresolved external symbol __imp__glTexImage2D@36
Bloom.obj : error LNK2019: unresolved external symbol __imp__glTexParameteri@12 referenced in function "public: void __thiscall Bloom::createBlurBuffer(void)" (?createBlurBuffer@Bloom@@QAEXXZ)
Texture.obj : error LNK2001: unresolved external symbol __imp__glTexParameteri@12
Bloom.obj : error LNK2001: unresolved external symbol __imp____glewActiveTexture
Texture.obj : error LNK2001: unresolved external symbol __imp____glewActiveTexture
Bloom.obj : error LNK2001: unresolved external symbol __imp____glewBindBuffer
Mesh.obj : error LNK2001: unresolved external symbol __imp____glewBindBuffer
Bloom.obj : error LNK2001: unresolved external symbol __imp____glewBufferData
Mesh.obj : error LNK2001: unresolved external symbol __imp____glewBufferData
Bloom.obj : error LNK2001: unresolved external symbol __imp____glewGenBuffers
Mesh.obj : error LNK2001: unresolved external symbol __imp____glewGenBuffers
Bloom.obj : error LNK2001: unresolved external symbol __imp____glewDrawBuffers
Bloom.obj : error LNK2001: unresolved external symbol __imp____glewEnableVertexAttribArray
Mesh.obj : error LNK2001: unresolved external symbol __imp____glewEnableVertexAttribArray
Bloom.obj : error LNK2001: unresolved external symbol __imp____glewVertexAttribPointer
Mesh.obj : error LNK2001: unresolved external symbol __imp____glewVertexAttribPointer
Bloom.obj : error LNK2001: unresolved external symbol __imp____glewBindFramebuffer
Engine.obj : error LNK2001: unresolved external symbol __imp____glewBindFramebuffer
Bloom.obj : error LNK2001: unresolved external symbol __imp____glewCheckFramebufferStatus
Bloom.obj : error LNK2001: unresolved external symbol __imp____glewFramebufferTexture2D
Bloom.obj : error LNK2001: unresolved external symbol __imp____glewGenFramebuffers
Bloom.obj : error LNK2001: unresolved external symbol __imp____glewBindVertexArray
Mesh.obj : error LNK2001: unresolved external symbol __imp____glewBindVertexArray
Bloom.obj : error LNK2001: unresolved external symbol __imp____glewGenVertexArrays
Mesh.obj : error LNK2001: unresolved external symbol __imp____glewGenVertexArrays
Engine.obj : error LNK2019: unresolved external symbol __imp__glClearDepth@8 referenced in function "void __cdecl setupOpenGL(int,int)" (?setupOpenGL@@YAXHH@Z)
Engine.obj : error LNK2019: unresolved external symbol __imp__glCullFace@4 referenced in function "void __cdecl setupOpenGL(int,int)" (?setupOpenGL@@YAXHH@Z)
Engine.obj : error LNK2019: unresolved external symbol __imp__glDepthFunc@4 referenced in function "void __cdecl setupOpenGL(int,int)" (?setupOpenGL@@YAXHH@Z)
Engine.obj : error LNK2019: unresolved external symbol __imp__glDepthMask@4 referenced in function "void __cdecl setupOpenGL(int,int)" (?setupOpenGL@@YAXHH@Z)
Engine.obj : error LNK2019: unresolved external symbol __imp__glDepthRange@16 referenced in function "void __cdecl setupOpenGL(int,int)" (?setupOpenGL@@YAXHH@Z)
Engine.obj : error LNK2019: unresolved external symbol __imp__glEnable@4 referenced in function "void __cdecl setupErrorCallback(void)" (?setupErrorCallback@@YAXXZ)
Engine.obj : error LNK2019: unresolved external symbol __imp__glFrontFace@4 referenced in function "void __cdecl setupOpenGL(int,int)" (?setupOpenGL@@YAXHH@Z)
Engine.obj : error LNK2019: unresolved external symbol __imp__glGetError@0 referenced in function "void __cdecl setupGLEW(void)" (?setupGLEW@@YAXXZ)
Engine.obj : error LNK2019: unresolved external symbol __imp__glGetString@4 referenced in function "void __cdecl checkOpenGLInfo(void)" (?checkOpenGLInfo@@YAXXZ)
Engine.obj : error LNK2019: unresolved external symbol __imp__glViewport@16 referenced in function "void __cdecl setupOpenGL(int,int)" (?setupOpenGL@@YAXHH@Z)
Engine.obj : error LNK2019: unresolved external symbol __imp__glewInit@0 referenced in function "void __cdecl setupGLEW(void)" (?setupGLEW@@YAXXZ)
Engine.obj : error LNK2019: unresolved external symbol __imp__glewGetString@4 referenced in function "void __cdecl setupGLEW(void)" (?setupGLEW@@YAXXZ)
Engine.obj : error LNK2019: unresolved external symbol _glfwInit referenced in function "struct GLFWwindow * __cdecl setupGLFW(int,int,int,int,char const *,int,int)" (?setupGLFW@@YAPAUGLFWwindow@@HHHHPBDHH@Z)
Engine.obj : error LNK2019: unresolved external symbol _glfwTerminate referenced in function "void __cdecl run(struct GLFWwindow *)" (?run@@YAXPAUGLFWwindow@@@Z)
Engine.obj : error LNK2019: unresolved external symbol _glfwGetVersionString referenced in function "struct GLFWwindow * __cdecl setupGLFW(int,int,int,int,char const *,int,int)" (?setupGLFW@@YAPAUGLFWwindow@@HHHHPBDHH@Z)
Engine.obj : error LNK2019: unresolved external symbol _glfwSetErrorCallback referenced in function "struct GLFWwindow * __cdecl setupGLFW(int,int,int,int,char const *,int,int)" (?setupGLFW@@YAPAUGLFWwindow@@HHHHPBDHH@Z)
Engine.obj : error LNK2019: unresolved external symbol _glfwGetPrimaryMonitor referenced in function "struct GLFWwindow * __cdecl setupWindow(int,int,char const *,int,int)" (?setupWindow@@YAPAUGLFWwindow@@HHPBDHH@Z)
Engine.obj : error LNK2019: unresolved external symbol _glfwWindowHint referenced in function "struct GLFWwindow * __cdecl setupGLFW(int,int,int,int,char const *,int,int)" (?setupGLFW@@YAPAUGLFWwindow@@HHHHPBDHH@Z)
Engine.obj : error LNK2019: unresolved external symbol _glfwCreateWindow referenced in function "struct GLFWwindow * __cdecl setupWindow(int,int,char const *,int,int)" (?setupWindow@@YAPAUGLFWwindow@@HHPBDHH@Z)
Engine.obj : error LNK2019: unresolved external symbol _glfwDestroyWindow referenced in function "void __cdecl run(struct GLFWwindow *)" (?run@@YAXPAUGLFWwindow@@@Z)
Engine.obj : error LNK2019: unresolved external symbol _glfwWindowShouldClose referenced in function "void __cdecl run(struct GLFWwindow *)" (?run@@YAXPAUGLFWwindow@@@Z)
Engine.obj : error LNK2019: unresolved external symbol _glfwSetWindowShouldClose referenced in function "void __cdecl key_callback(struct GLFWwindow *,int,int,int,int)" (?key_callback@@YAXPAUGLFWwindow@@HHHH@Z)
Engine.obj : error LNK2019: unresolved external symbol _glfwSetWindowSizeCallback referenced in function "void __cdecl setupCallbacks(struct GLFWwindow *)" (?setupCallbacks@@YAXPAUGLFWwindow@@@Z)
Engine.obj : error LNK2019: unresolved external symbol _glfwSetWindowCloseCallback referenced in function "void __cdecl setupCallbacks(struct GLFWwindow *)" (?setupCallbacks@@YAXPAUGLFWwindow@@@Z)
Engine.obj : error LNK2019: unresolved external symbol _glfwPollEvents referenced in function "void __cdecl run(struct GLFWwindow *)" (?run@@YAXPAUGLFWwindow@@@Z)
Engine.obj : error LNK2019: unresolved external symbol _glfwGetKey referenced in function "void __cdecl key_callback(struct GLFWwindow *,int,int,int,int)" (?key_callback@@YAXPAUGLFWwindow@@HHHH@Z)
Engine.obj : error LNK2019: unresolved external symbol _glfwSetKeyCallback referenced in function "void __cdecl setupCallbacks(struct GLFWwindow *)" (?setupCallbacks@@YAXPAUGLFWwindow@@@Z)
Engine.obj : error LNK2019: unresolved external symbol _glfwSetMouseButtonCallback referenced in function "void __cdecl setupCallbacks(struct GLFWwindow *)" (?setupCallbacks@@YAXPAUGLFWwindow@@@Z)
Engine.obj : error LNK2019: unresolved external symbol _glfwSetCursorPosCallback referenced in function "void __cdecl setupCallbacks(struct GLFWwindow *)" (?setupCallbacks@@YAXPAUGLFWwindow@@@Z)
Engine.obj : error LNK2019: unresolved external symbol _glfwSetScrollCallback referenced in function "void __cdecl setupCallbacks(struct GLFWwindow *)" (?setupCallbacks@@YAXPAUGLFWwindow@@@Z)
Engine.obj : error LNK2019: unresolved external symbol _glfwGetTime referenced in function "void __cdecl makeAnimation(void)" (?makeAnimation@@YAXXZ)
Engine.obj : error LNK2019: unresolved external symbol _glfwMakeContextCurrent referenced in function "struct GLFWwindow * __cdecl setupWindow(int,int,char const *,int,int)" (?setupWindow@@YAPAUGLFWwindow@@HHPBDHH@Z)
Engine.obj : error LNK2019: unresolved external symbol _glfwSwapBuffers referenced in function "void __cdecl run(struct GLFWwindow *)" (?run@@YAXPAUGLFWwindow@@@Z)
Engine.obj : error LNK2019: unresolved external symbol _glfwSwapInterval referenced in function "struct GLFWwindow * __cdecl setupWindow(int,int,char const *,int,int)" (?setupWindow@@YAPAUGLFWwindow@@HHPBDHH@Z)
Engine.obj : error LNK2001: unresolved external symbol __imp____glewDeleteProgram
Shaders.obj : error LNK2001: unresolved external symbol __imp____glewDeleteProgram
Engine.obj : error LNK2001: unresolved external symbol __imp____glewDebugMessageControl
Engine.obj : error LNK2001: unresolved external symbol __imp__glewExperimental
Mesh.obj : error LNK2001: unresolved external symbol __imp____glewDeleteBuffers
Mesh.obj : error LNK2001: unresolved external symbol __imp____glewDisableVertexAttribArray
Mesh.obj : error LNK2001: unresolved external symbol __imp____glewDeleteVertexArrays
Shaders.obj : error LNK2001: unresolved external symbol __imp____glewAttachShader
Shaders.obj : error LNK2001: unresolved external symbol __imp____glewBindAttribLocation
Shaders.obj : error LNK2001: unresolved external symbol __imp____glewCompileShader
Shaders.obj : error LNK2001: unresolved external symbol __imp____glewCreateProgram
Shaders.obj : error LNK2001: unresolved external symbol __imp____glewCreateShader
Shaders.obj : error LNK2001: unresolved external symbol __imp____glewDeleteShader
Shaders.obj : error LNK2001: unresolved external symbol __imp____glewGetShaderInfoLog
Shaders.obj : error LNK2001: unresolved external symbol __imp____glewGetShaderiv
Shaders.obj : error LNK2001: unresolved external symbol __imp____glewGetUniformLocation
Shaders.obj : error LNK2001: unresolved external symbol __imp____glewLinkProgram
Shaders.obj : error LNK2001: unresolved external symbol __imp____glewShaderSource
Shaders.obj : error LNK2001: unresolved external symbol __imp____glewUniform1f
Shaders.obj : error LNK2001: unresolved external symbol __imp____glewUniform1i
Shaders.obj : error LNK2001: unresolved external symbol __imp____glewUniform2f
Shaders.obj : error LNK2001: unresolved external symbol __imp____glewUniform3f
Shaders.obj : error LNK2001: unresolved external symbol __imp____glewUniform4f
Shaders.obj : error LNK2001: unresolved external symbol __imp____glewUniformMatrix4fv
Shaders.obj : error LNK2001: unresolved external symbol __imp____glewUseProgram
Shaders.obj : error LNK2001: unresolved external symbol __imp____glewValidateProgram
Texture.obj : error LNK2019: unresolved external symbol __imp__glDeleteTextures@8 referenced in function "public: __thiscall EngineTexture::Texture::~Texture(void)" (??1Texture@EngineTexture@@QAE@XZ)
C:\Users\adria\Desktop\SolarSystemNewEngine\SolarSystem\Debug\SolarSystem.exe : fatal error LNK1120: 80 unresolved externals
