  Bloom.cpp
  Camera.cpp
  Engine.cpp
  Mesh.cpp
  Quartenion.cpp
  SceneGraph.cpp
  SceneNode.cpp
  Shaders.cpp
  Texture.cpp
  stb_image.cpp
  mat2.cpp
  mat3.cpp
  mat4.cpp
  matFactory.cpp
  vec2.cpp
  vec3.cpp
  vec4.cpp
  vectors.cpp
  Generating Code...
  LINK : C:\Users\TLNes\OneDrive\Dokumenter\GitHub\Interactive-Solar-System\Project\Lab2\..\..\bin\x64\Lab2.exe not found or not built by the last incremental link; performing full link
  Lab2.vcxproj -> C:\Users\TLNes\OneDrive\Dokumenter\GitHub\Interactive-Solar-System\Project\Lab2\..\..\bin\x64\Lab2.exe
