c:\users\tlnes\onedrive\dokumenter\github\interactive-solar-system\engine_torstein\project\cg4g - 3d tangram\x64\debug\vc142.pdb
c:\users\tlnes\onedrive\dokumenter\github\interactive-solar-system\engine_torstein\project\cg4g - 3d tangram\x64\debug\vc142.idb
c:\users\tlnes\onedrive\dokumenter\github\interactive-solar-system\engine_torstein\project\cg4g - 3d tangram\x64\debug\vectors.obj
c:\users\tlnes\onedrive\dokumenter\github\interactive-solar-system\engine_torstein\project\cg4g - 3d tangram\x64\debug\texture.obj
c:\users\tlnes\onedrive\dokumenter\github\interactive-solar-system\engine_torstein\project\cg4g - 3d tangram\x64\debug\stb_image.obj
c:\users\tlnes\onedrive\dokumenter\github\interactive-solar-system\engine_torstein\project\cg4g - 3d tangram\x64\debug\shader.obj
c:\users\tlnes\onedrive\dokumenter\github\interactive-solar-system\engine_torstein\project\cg4g - 3d tangram\x64\debug\scenenode.obj
c:\users\tlnes\onedrive\dokumenter\github\interactive-solar-system\engine_torstein\project\cg4g - 3d tangram\x64\debug\scenegraph.obj
c:\users\tlnes\onedrive\dokumenter\github\interactive-solar-system\engine_torstein\project\cg4g - 3d tangram\x64\debug\quaternions.obj
c:\users\tlnes\onedrive\dokumenter\github\interactive-solar-system\engine_torstein\project\cg4g - 3d tangram\x64\debug\mesh.obj
c:\users\tlnes\onedrive\dokumenter\github\interactive-solar-system\engine_torstein\project\cg4g - 3d tangram\x64\debug\matrices.obj
c:\users\tlnes\onedrive\dokumenter\github\interactive-solar-system\engine_torstein\project\cg4g - 3d tangram\x64\debug\final scene.obj
c:\users\tlnes\onedrive\dokumenter\github\interactive-solar-system\engine_torstein\project\cg4g - 3d tangram\x64\debug\camera.obj
c:\users\tlnes\onedrive\dokumenter\github\interactive-solar-system\engine_torstein\project\bin\cg4g - 3d tangram.exe
c:\users\tlnes\onedrive\dokumenter\github\interactive-solar-system\engine_torstein\project\bin\cg4g - 3d tangram.ilk
c:\users\tlnes\onedrive\dokumenter\github\interactive-solar-system\engine_torstein\project\bin\cg4g - 3d tangram.pdb
c:\users\tlnes\onedrive\dokumenter\github\interactive-solar-system\engine_torstein\project\\bin\cg4g - 3d tangram.pdb
c:\users\tlnes\onedrive\dokumenter\github\interactive-solar-system\engine_torstein\project\\bin\cg4g - 3d tangram.exe
c:\users\tlnes\onedrive\dokumenter\github\interactive-solar-system\engine_torstein\project\\bin\cg4g - 3d tangram.ilk
c:\users\tlnes\onedrive\dokumenter\github\interactive-solar-system\engine_torstein\project\cg4g - 3d tangram\x64\debug\cg4g - 3.0c7ad5f5.tlog\cl.command.1.tlog
c:\users\tlnes\onedrive\dokumenter\github\interactive-solar-system\engine_torstein\project\cg4g - 3d tangram\x64\debug\cg4g - 3.0c7ad5f5.tlog\cl.read.1.tlog
c:\users\tlnes\onedrive\dokumenter\github\interactive-solar-system\engine_torstein\project\cg4g - 3d tangram\x64\debug\cg4g - 3.0c7ad5f5.tlog\cl.write.1.tlog
c:\users\tlnes\onedrive\dokumenter\github\interactive-solar-system\engine_torstein\project\cg4g - 3d tangram\x64\debug\cg4g - 3.0c7ad5f5.tlog\link.command.1.tlog
c:\users\tlnes\onedrive\dokumenter\github\interactive-solar-system\engine_torstein\project\cg4g - 3d tangram\x64\debug\cg4g - 3.0c7ad5f5.tlog\link.read.1.tlog
c:\users\tlnes\onedrive\dokumenter\github\interactive-solar-system\engine_torstein\project\cg4g - 3d tangram\x64\debug\cg4g - 3.0c7ad5f5.tlog\link.write.1.tlog
