C:\Program Files (x86)\Microsoft Visual Studio\2019\Community\MSBuild\Microsoft\VC\v160\Microsoft.CppBuild.targets(452,5): warning MSB8028: The intermediate directory (x64\Debug\) contains files shared from another project (CG4G - 3D Tangram.vcxproj).  This can lead to incorrect clean and rebuild behavior.
  Camera.cpp
  Matrices.cpp
C:\Users\TLNes\OneDrive\Dokumenter\GitHub\Interactive-Solar-System\Suggestion For Engine\Headers\Matrices.h(15,30): warning C4305:  'initializing': truncation from 'double' to 'float'
C:\Users\TLNes\OneDrive\Dokumenter\GitHub\Interactive-Solar-System\Suggestion For Engine\Headers\Matrices.h(15,30): warning C4305:  'initializing': truncation from 'double' to 'float'
C:\Users\TLNes\OneDrive\Dokumenter\GitHub\Interactive-Solar-System\Suggestion For Engine\Source\Matrices.cpp(626,14): warning C4244:  'initializing': conversion from 'double' to 'float', possible loss of data
  Mesh.cpp
C:\Users\TLNes\OneDrive\Dokumenter\GitHub\Interactive-Solar-System\Suggestion For Engine\Source\Matrices.cpp(672,13): warning C4244:  'initializing': conversion from 'double' to 'float', possible loss of data
  Quaternions.cpp
C:\Users\TLNes\OneDrive\Dokumenter\GitHub\Interactive-Solar-System\Suggestion For Engine\Source\Mesh.cpp(138,39): warning C4267:  '=': conversion from 'size_t' to 'GLuint', possible loss of data
C:\Users\TLNes\OneDrive\Dokumenter\GitHub\Interactive-Solar-System\Suggestion For Engine\Source\Quaternions.cpp(1,10): warning C4067:  unexpected tokens following preprocessor directive - expected a newline
  Scenegraph.cpp
C:\Users\TLNes\OneDrive\Dokumenter\GitHub\Interactive-Solar-System\Suggestion For Engine\Headers\Matrices.h(15,30): warning C4305:  'initializing': truncation from 'double' to 'float'
  SceneNode.cpp
C:\Users\TLNes\OneDrive\Dokumenter\GitHub\Interactive-Solar-System\Suggestion For Engine\Headers\Matrices.h(15,30): warning C4305:  'initializing': truncation from 'double' to 'float'
  Shader.cpp
  Solar System.cpp
C:\Users\TLNes\OneDrive\Dokumenter\GitHub\Interactive-Solar-System\Suggestion For Engine\Headers\Matrices.h(15,30): warning C4305:  'initializing': truncation from 'double' to 'float'
C:\Users\TLNes\OneDrive\Dokumenter\GitHub\Interactive-Solar-System\Suggestion For Engine\Headers\Matrices.h(15,30): warning C4305:  'initializing': truncation from 'double' to 'float'
C:\Users\TLNes\OneDrive\Dokumenter\GitHub\Interactive-Solar-System\Suggestion For Engine\Source\Solar System.cpp(326,81): warning C4305:  'argument': truncation from 'double' to 'const float'
C:\Users\TLNes\OneDrive\Dokumenter\GitHub\Interactive-Solar-System\Suggestion For Engine\Source\Solar System.cpp(345,16): warning C4244:  'initializing': conversion from 'double' to 'float', possible loss of data
C:\Users\TLNes\OneDrive\Dokumenter\GitHub\Interactive-Solar-System\Suggestion For Engine\Source\Solar System.cpp(346,16): warning C4244:  'initializing': conversion from 'double' to 'float', possible loss of data
  stb_image.cpp
  Texture.cpp
  Vectors.cpp
  Generating Code...
C:\Users\TLNes\OneDrive\Dokumenter\GitHub\Interactive-Solar-System\Suggestion For Engine\Source\Solar System.cpp(366,47): warning C4244:  '-=': conversion from 'double' to 'float', possible loss of data
LINK : warning LNK4098: defaultlib 'MSVCRT' conflicts with use of other libs; use /NODEFAULTLIB:library
  CG4G - 3D Tangram.vcxproj -> C:\Users\TLNes\OneDrive\Dokumenter\GitHub\Interactive-Solar-System\Suggestion For Engine\PROJECT\\bin\Solar System.exe
