c:\users\tlnes\onedrive\dokumenter\github\interactive-solar-system\engine for merging\project\cg4g - 3d tangram\x64\debug\vc142.pdb
c:\users\tlnes\onedrive\dokumenter\github\interactive-solar-system\engine for merging\project\cg4g - 3d tangram\x64\debug\vc142.idb
c:\users\tlnes\onedrive\dokumenter\github\interactive-solar-system\engine for merging\project\cg4g - 3d tangram\x64\debug\vectors.obj
c:\users\tlnes\onedrive\dokumenter\github\interactive-solar-system\engine for merging\project\cg4g - 3d tangram\x64\debug\texture.obj
c:\users\tlnes\onedrive\dokumenter\github\interactive-solar-system\engine for merging\project\cg4g - 3d tangram\x64\debug\stb_image.obj
c:\users\tlnes\onedrive\dokumenter\github\interactive-solar-system\engine for merging\project\cg4g - 3d tangram\x64\debug\solar system.obj
c:\users\tlnes\onedrive\dokumenter\github\interactive-solar-system\engine for merging\project\cg4g - 3d tangram\x64\debug\shader.obj
c:\users\tlnes\onedrive\dokumenter\github\interactive-solar-system\engine for merging\project\cg4g - 3d tangram\x64\debug\scenenode.obj
c:\users\tlnes\onedrive\dokumenter\github\interactive-solar-system\engine for merging\project\cg4g - 3d tangram\x64\debug\scenegraph.obj
c:\users\tlnes\onedrive\dokumenter\github\interactive-solar-system\engine for merging\project\cg4g - 3d tangram\x64\debug\quaternions.obj
c:\users\tlnes\onedrive\dokumenter\github\interactive-solar-system\engine for merging\project\cg4g - 3d tangram\x64\debug\mesh.obj
c:\users\tlnes\onedrive\dokumenter\github\interactive-solar-system\engine for merging\project\cg4g - 3d tangram\x64\debug\matrices.obj
c:\users\tlnes\onedrive\dokumenter\github\interactive-solar-system\engine for merging\project\cg4g - 3d tangram\x64\debug\camera.obj
c:\users\tlnes\onedrive\dokumenter\github\interactive-solar-system\engine for merging\project\cg4g - 3d tangram\x64\debug\bloom.obj
c:\users\tlnes\onedrive\dokumenter\github\interactive-solar-system\engine for merging\project\bin\solar system.exe
c:\users\tlnes\onedrive\dokumenter\github\interactive-solar-system\engine for merging\project\bin\solar system.ilk
c:\users\tlnes\onedrive\dokumenter\github\interactive-solar-system\engine for merging\project\bin\solar system.pdb
c:\users\tlnes\onedrive\dokumenter\github\interactive-solar-system\engine for merging\project\\bin\solar system.pdb
c:\users\tlnes\onedrive\dokumenter\github\interactive-solar-system\engine for merging\project\\bin\solar system.exe
c:\users\tlnes\onedrive\dokumenter\github\interactive-solar-system\engine for merging\project\\bin\solar system.ilk
c:\users\tlnes\onedrive\dokumenter\github\interactive-solar-system\engine for merging\project\cg4g - 3d tangram\x64\debug\solar system.tlog\cl.command.1.tlog
c:\users\tlnes\onedrive\dokumenter\github\interactive-solar-system\engine for merging\project\cg4g - 3d tangram\x64\debug\solar system.tlog\cl.read.1.tlog
c:\users\tlnes\onedrive\dokumenter\github\interactive-solar-system\engine for merging\project\cg4g - 3d tangram\x64\debug\solar system.tlog\cl.write.1.tlog
c:\users\tlnes\onedrive\dokumenter\github\interactive-solar-system\engine for merging\project\cg4g - 3d tangram\x64\debug\solar system.tlog\link.command.1.tlog
c:\users\tlnes\onedrive\dokumenter\github\interactive-solar-system\engine for merging\project\cg4g - 3d tangram\x64\debug\solar system.tlog\link.read.1.tlog
c:\users\tlnes\onedrive\dokumenter\github\interactive-solar-system\engine for merging\project\cg4g - 3d tangram\x64\debug\solar system.tlog\link.write.1.tlog
